<?xml version="1.0" encoding="UTF-8"?>
<!-- Generated by org.testng.reporters.JUnitReportReporter -->
<testsuite hostname="ATMECSINDT-080" failures="0" tests="6" name="com.atmecs.practo.testscripts.AddToCart" time="61.204" errors="0" timestamp="2019-09-13T14:19:03 IST" skipped="0">
  <testcase classname="com.atmecs.practo.testscripts.AddToCart" name="diagnostics" time="60.917"/>
  <testcase classname="com.atmecs.practo.testscripts.AddToCart" name="nameOfSamplesEqual" time="0.104"/>
  <testcase classname="com.atmecs.practo.testscripts.AddToCart" name="numberOfTestsEqual" time="0.033"/>
  <testcase classname="com.atmecs.practo.testscripts.AddToCart" name="individualSamplePriceEqual" time="0.093"/>
  <testcase classname="com.atmecs.practo.testscripts.AddToCart" name="pickUpChargeEqual" time="0.029"/>
  <testcase classname="com.atmecs.practo.testscripts.AddToCart" name="initialTotalPriceEqual" time="0.028"/>
</testsuite> <!-- com.atmecs.practo.testscripts.AddToCart -->
