<?xml version="1.0" encoding="UTF-8"?>
<!-- Generated by org.testng.reporters.JUnitReportReporter -->
<testsuite hostname="ATMECSINDT-080" failures="0" tests="1" name="com.atmecs.practo.testbase.InvokeBrowser" time="14.675" errors="0" timestamp="04 Nov 2019 05:37:04 GMT" skipped="0">
  <testcase classname="com.atmecs.practo.testbase.InvokeBrowser" name="setup" time="14.675"/>
</testsuite> <!-- com.atmecs.practo.testbase.InvokeBrowser -->
