<?xml version="1.0" encoding="UTF-8"?>
<!-- Generated by org.testng.reporters.JUnitReportReporter -->
<testsuite hostname="ATMECSINDT-080" failures="0" tests="1" name="com.atmecs.practo.dynamic.Xmlclass" time="30.302" errors="0" timestamp="05 Nov 2019 06:28:07 GMT" skipped="0">
  <testcase classname="com.atmecs.practo.dynamic.Xmlclass" name="base" time="30.302"/>
</testsuite> <!-- com.atmecs.practo.dynamic.Xmlclass -->
