<?xml version="1.0" encoding="UTF-8"?>
<!-- Generated by org.testng.reporters.JUnitReportReporter -->
<testsuite hostname="ATMECSINDT-080" failures="0" tests="1" name="com.atmecs.practo.testscripts.DynamicTestNG" time="35.370" errors="0" timestamp="05 Nov 2019 08:47:54 GMT" skipped="0">
  <testcase classname="com.atmecs.practo.testscripts.DynamicTestNG" name="set" time="35.370"/>
</testsuite> <!-- com.atmecs.practo.testscripts.DynamicTestNG -->
