<?xml version="1.0" encoding="UTF-8"?>
<!-- Generated by org.testng.reporters.JUnitReportReporter -->
<testsuite hostname="ATMECSINDT-080" failures="0" tests="1" name="com.atmecs.practo.testbase.TestBase" time="0.018" errors="0" timestamp="10 Sep 2019 04:49:42 GMT" skipped="0">
  <testcase classname="com.atmecs.practo.testbase.TestBase" name="setup" time="0.018"/>
</testsuite> <!-- com.atmecs.practo.testbase.TestBase -->
