#set( $symbol_pound = '#' )
#set( $symbol_dollar = '$' )
#set( $symbol_escape = '\' )
<?xml version="1.0" encoding="UTF-8"?>
<!-- Generated by org.testng.reporters.JUnitReportReporter -->
<testsuite hostname="ATMECSINDT-080" failures="0" tests="1" name="${package}.testbase.TestBase" time="0.018" errors="0" timestamp="10 Sep 2019 04:49:42 GMT" skipped="0">
  <testcase classname="${package}.testbase.TestBase" name="setup" time="0.018"/>
</testsuite> <!-- ${package}.testbase.TestBase -->
