#set( $symbol_pound = '#' )
#set( $symbol_dollar = '$' )
#set( $symbol_escape = '\' )
<?xml version="1.0" encoding="UTF-8"?>
<!-- Generated by org.testng.reporters.JUnitReportReporter -->
<testsuite hostname="ATMECSINDT-080" failures="0" tests="1" name="${package}.testbase.InvokeBrowser" time="14.675" errors="0" timestamp="04 Nov 2019 05:37:04 GMT" skipped="0">
  <testcase classname="${package}.testbase.InvokeBrowser" name="setup" time="14.675"/>
</testsuite> <!-- ${package}.testbase.InvokeBrowser -->
